<?xml version="1.0" encoding="UTF-8"?>
<testsuite xmlns:xsi="http://www.w3.org/2001/XMLSchema-instance" xsi:noNamespaceSchemaLocation="https://maven.apache.org/surefire/maven-surefire-plugin/xsd/surefire-test-report.xsd" version="3.0.2" name="org.example.RunnerClass" time="18.25" tests="2" errors="0" skipped="0" failures="0">
  <properties>
[...]
</properties>
  <testcase name="runScenario[&quot;Implementing scenario outline&quot;, &quot;Implementing scenario outline&quot;](1)" classname="org.example.RunnerClass" time="8.736">
    <system-out><![CDATA[
@scenarionOutline
Scenario Outline: Implementing scenario outline &amp#27;[90m# src/test/java/org/example/ScenarioOutlineTest.feature:16&amp#27;[0m
  &amp#27;[32mGiven &amp#27;[0m&amp#27;[32mI load the url&amp#27;[0m                          &amp#27;[90m# org.example.MyStepdefs.iLoadTheUrl()&amp#27;[0m
  &amp#27;[32mAnd &amp#27;[0m&amp#27;[32mI wait for &amp#27;[0m&amp#27;[32m&amp#27;[1m2&amp#27;[0m&amp#27;[32m seconds&amp#27;[0m                      &amp#27;[90m# org.example.MyStepdefs.iWaitForSeconds(int)&amp#27;[0m
  &amp#27;[32mWhen &amp#27;[0m&amp#27;[32mEnter the search text &amp#27;[0m&amp#27;[32m&amp#27;[1m"Insurity"&amp#27;[0m         &amp#27;[90m# org.example.MyStepdefs.enterTheSearchText(java.lang.String)&amp#27;[0m
  &amp#27;[32mAnd &amp#27;[0m&amp#27;[32mI wait for &amp#27;[0m&amp#27;[32m&amp#27;[1m2&amp#27;[0m&amp#27;[32m seconds&amp#27;[0m                      &amp#27;[90m# org.example.MyStepdefs.iWaitForSeconds(int)&amp#27;[0m
  &amp#27;[32mThen &amp#27;[0m&amp#27;[32mClicked on the Google image&amp#27;[0m              &amp#27;[90m# org.example.MyStepdefs.clickedOnTheGoogleImage()&amp#27;[0m
  &amp#27;[32mAnd &amp#27;[0m&amp#27;[32mI wait for &amp#27;[0m&amp#27;[32m&amp#27;[1m2&amp#27;[0m&amp#27;[32m seconds&amp#27;[0m                      &amp#27;[90m# org.example.MyStepdefs.iWaitForSeconds(int)&amp#27;[0m
  &amp#27;[32mAnd &amp#27;[0m&amp#27;[32mI close the browser&amp#27;[0m                       &amp#27;[90m# org.example.MyStepdefs.iCloseTheBrowser()&amp#27;[0m
]]></system-out>
    <system-err><![CDATA[SLF4J(W): No SLF4J providers were found.
SLF4J(W): Defaulting to no-operation (NOP) logger implementation
SLF4J(W): See https://www.slf4j.org/codes.html#noProviders for further details.
]]></system-err>
  </testcase>
  <testcase name="runScenario[&quot;Implementing scenario outline&quot;, &quot;Implementing scenario outline&quot;](2)" classname="org.example.RunnerClass" time="8.381">
    <system-out><![CDATA[
@scenarionOutline
Scenario Outline: Implementing scenario outline      &amp#27;[90m# src/test/java/org/example/ScenarioOutlineTest.feature:17&amp#27;[0m
  &amp#27;[32mGiven &amp#27;[0m&amp#27;[32mI load the url&amp#27;[0m                               &amp#27;[90m# org.example.MyStepdefs.iLoadTheUrl()&amp#27;[0m
  &amp#27;[32mAnd &amp#27;[0m&amp#27;[32mI wait for &amp#27;[0m&amp#27;[32m&amp#27;[1m2&amp#27;[0m&amp#27;[32m seconds&amp#27;[0m                           &amp#27;[90m# org.example.MyStepdefs.iWaitForSeconds(int)&amp#27;[0m
  &amp#27;[32mWhen &amp#27;[0m&amp#27;[32mEnter the search text &amp#27;[0m&amp#27;[32m&amp#27;[1m"Experion Technologies"&amp#27;[0m &amp#27;[90m# org.example.MyStepdefs.enterTheSearchText(java.lang.String)&amp#27;[0m
  &amp#27;[32mAnd &amp#27;[0m&amp#27;[32mI wait for &amp#27;[0m&amp#27;[32m&amp#27;[1m2&amp#27;[0m&amp#27;[32m seconds&amp#27;[0m                           &amp#27;[90m# org.example.MyStepdefs.iWaitForSeconds(int)&amp#27;[0m
  &amp#27;[32mThen &amp#27;[0m&amp#27;[32mClicked on the Google image&amp#27;[0m                   &amp#27;[90m# org.example.MyStepdefs.clickedOnTheGoogleImage()&amp#27;[0m
  &amp#27;[32mAnd &amp#27;[0m&amp#27;[32mI wait for &amp#27;[0m&amp#27;[32m&amp#27;[1m2&amp#27;[0m&amp#27;[32m seconds&amp#27;[0m                           &amp#27;[90m# org.example.MyStepdefs.iWaitForSeconds(int)&amp#27;[0m
  &amp#27;[32mAnd &amp#27;[0m&amp#27;[32mI close the browser&amp#27;[0m                            &amp#27;[90m# org.example.MyStepdefs.iCloseTheBrowser()&amp#27;[0m
]]></system-out>
  </testcase>
</testsuite>